<?xml version="1.0" encoding="UTF-8"?>
<!-- Generated by org.testng.reporters.JUnitReportReporter -->
<testsuite skipped="0" hostname="Sherine" name="com.cts.renibuilders.model.CustomerTest" tests="5" failures="0" timestamp="2021-03-12T11:09:23 IST" time="0.013" errors="0">
  <testcase name="testMobileNo" time="0.003" classname="com.cts.renibuilders.model.CustomerTest"/>
  <system-out/>
  <testcase name="testpropertyType" time="0.002" classname="com.cts.renibuilders.model.CustomerTest"/>
  <system-out/>
  <testcase name="testCity" time="0.006" classname="com.cts.renibuilders.model.CustomerTest"/>
  <system-out/>
  <testcase name="testExpectedName" time="0.001" classname="com.cts.renibuilders.model.CustomerTest"/>
  <system-out/>
  <testcase name="testExpectedEmailId" time="0.001" classname="com.cts.renibuilders.model.CustomerTest"/>
  <system-out/>
</testsuite> <!-- com.cts.renibuilders.model.CustomerTest -->
