<?xml version="1.0" encoding="UTF-8"?>
<!-- Generated by org.testng.reporters.JUnitReportReporter -->
<testsuite skipped="0" hostname="Sherine" name="com.cts.renibuilders.controller.ApartmentControllerTest" tests="3" failures="0" timestamp="2021-03-12T11:09:23 IST" time="2.888" errors="0">
  <testcase name="testShowSearchApartment" time="0.046" classname="com.cts.renibuilders.controller.ApartmentControllerTest"/>
  <system-out/>
  <testcase name="testcalculateestimateCostActive" time="2.300" classname="com.cts.renibuilders.controller.ApartmentControllerTest"/>
  <system-out/>
  <testcase name="testPostCustomerDetailsFormValidationFail" time="0.542" classname="com.cts.renibuilders.controller.ApartmentControllerTest"/>
  <system-out/>
</testsuite> <!-- com.cts.renibuilders.controller.ApartmentControllerTest -->
