<?xml version="1.0" encoding="UTF-8"?>
<!-- Generated by org.testng.reporters.JUnitReportReporter -->
<testsuite skipped="0" hostname="Sherine" name="com.cts.renibuilders.service.ApartmentServiceTest" tests="3" failures="0" timestamp="2021-03-12T11:09:23 IST" time="0.021" errors="0">
  <testcase name="testWhetherCustomerSelectedIsValidCityWithPropertyType2BHK" time="0.003" classname="com.cts.renibuilders.service.ApartmentServiceTest"/>
  <system-out/>
  <testcase name="testWhetherCustomerSelectedIsNotValidCity" time="0.013" classname="com.cts.renibuilders.service.ApartmentServiceTest"/>
  <system-out/>
  <testcase name="testWhetherCustomerSelectedIsValidCityWithPropertyType1BHK" time="0.005" classname="com.cts.renibuilders.service.ApartmentServiceTest"/>
  <system-out/>
</testsuite> <!-- com.cts.renibuilders.service.ApartmentServiceTest -->
