<?xml version="1.0" encoding="UTF-8"?>
<!-- Generated by org.testng.reporters.JUnitReportReporter -->
<testsuite skipped="0" hostname="Sherine" name="com.cts.renibuilders.ReniBuildersApplicationSeleniumTest" tests="3" failures="0" timestamp="2021-03-12T11:09:23 IST" time="2.899" errors="0">
  <testcase name="testWhetherSearchApartmentIsLoaded" time="1.347" classname="com.cts.renibuilders.ReniBuildersApplicationSeleniumTest"/>
  <system-out/>
  <testcase name="testWhetherCustomerNameIsEmpty" time="0.744" classname="com.cts.renibuilders.ReniBuildersApplicationSeleniumTest"/>
  <system-out/>
  <testcase name="testWhetherCityIsNotValid" time="0.808" classname="com.cts.renibuilders.ReniBuildersApplicationSeleniumTest"/>
  <system-out/>
</testsuite> <!-- com.cts.renibuilders.ReniBuildersApplicationSeleniumTest -->
